\BOOKMARK [1][]{section.1}{1\040Introduction}{}% 1
\BOOKMARK [1][]{section.2}{2\040NCG\040Mathematical\040Framework\040and\040Emergent\040Gravity}{}% 2
\BOOKMARK [2][]{subsection.2.1}{2.1\040Fundamental\040Postulates\040of\040DUT\040}{section.2}% 3
\BOOKMARK [2][]{subsection.2.2}{2.2\040Key\040Fundamental\040Hypotheses\040}{section.2}% 4
\BOOKMARK [2][]{subsection.2.3}{2.3\040Noncommutative\040Geometry\040\(NCG\)\040Framework}{section.2}% 5
\BOOKMARK [3][]{subsubsection.2.3.1}{2.3.1\040Algebra\040A,\040Product\040Star,\040and\040Tensor\040Theta}{subsection.2.3}% 6
\BOOKMARK [3][]{subsubsection.2.3.2}{2.3.2\040Derived\040Form\040and\040Mechanism\040for\040Theta\(PsiN\)}{subsection.2.3}% 7
\BOOKMARK [3][]{subsubsection.2.3.3}{2.3.3\040Consistency:\040Associativity\040\(Jacobi\040Identity\)}{subsection.2.3}% 8
\BOOKMARK [3][]{subsubsection.2.3.4}{2.3.4\040Hilbert\040Space\040\(H\)\040and\040Representation}{subsection.2.3}% 9
\BOOKMARK [3][]{subsubsection.2.3.5}{2.3.5\040Noncommutative\040Differential\040Calculus}{subsection.2.3}% 10
\BOOKMARK [3][]{subsubsection.2.3.6}{2.3.6\040Noncommutative\040Integral\040and\040Spectral\040Action}{subsection.2.3}% 11
\BOOKMARK [2][]{subsection.2.4}{2.4\040Emergent\040Gravity\040and\040Lorentzian\040Signature}{section.2}% 12
\BOOKMARK [3][]{subsubsection.2.4.1}{2.4.1\040Metric\040Operator\040\(g\)\040and\040Effective\040Curvature}{subsection.2.4}% 13
\BOOKMARK [3][]{subsubsection.2.4.2}{2.4.2\040Spectral\040Action\040Principle:\040Detailed\040Expansion}{subsection.2.4}% 14
\BOOKMARK [3][]{subsubsection.2.4.3}{2.4.3\040Emergence\040of\040Lorentzian\040Signature}{subsection.2.4}% 15
\BOOKMARK [2][]{subsection.2.5}{2.5\040Noncommutative\040Gauge\040Invariance}{section.2}% 16
\BOOKMARK [1][]{section.3}{3\040Quantum\040Field\040Theory\040on\040NCG\040and\040Equations}{}% 17
\BOOKMARK [2][]{subsection.3.1}{3.1\040Quantum\040Fields\040on\040Dynamic\040NC\040Spacetime}{section.3}% 18
\BOOKMARK [3][]{subsubsection.3.1.1}{3.1.1\040Scalar\040Fields\040\(PsiN\040Massive,\040H,\040\203\)}{subsection.3.1}% 19
\BOOKMARK [3][]{subsubsection.3.1.2}{3.1.2\040Fermions\040\(SM\040and\040Alternative\040DM\)}{subsection.3.1}% 20
\BOOKMARK [3][]{subsubsection.3.1.3}{3.1.3\040Gauge\040Fields}{subsection.3.1}% 21
\BOOKMARK [3][]{subsubsection.3.1.4}{3.1.4\040Renormalization\040and\040UV/IR\040Mixing}{subsection.3.1}% 22
\BOOKMARK [2][]{subsection.3.2}{3.2\040Field\040Equations,\040Stability,\040and\040Lagrangians\040}{section.3}% 23
\BOOKMARK [3][]{subsubsection.3.2.1}{3.2.1\040Noncommutative\040Einstein-Grau\040Equations}{subsection.3.2}% 24
\BOOKMARK [3][]{subsubsection.3.2.2}{3.2.2\040Hamiltonian\040Analysis\040and\040Stability}{subsection.3.2}% 25
\BOOKMARK [3][]{subsubsection.3.2.3}{3.2.3\040Effective\040Lagrangians\040\(Base\040Formulation\040DUT\)}{subsection.3.2}% 26
\BOOKMARK [2][]{subsection.3.3}{3.3\040Framework\040of\040Rigorous\040Derivation\040in\040DUT\040vs.\040Simplified\040Models}{section.3}% 27
\BOOKMARK [3][]{subsubsection.3.3.1}{3.3.1\040Fundamental\040Differences}{subsection.3.3}% 28
\BOOKMARK [3][]{subsubsection.3.3.2}{3.3.2\040Necessary\040Steps\040Within\040DUT\040for\040Phenomenology}{subsection.3.3}% 29
\BOOKMARK [3][]{subsubsection.3.3.3}{3.3.3\040Conclusion\040on\040Linkage}{subsection.3.3}% 30
\BOOKMARK [1][]{section.4}{4\040Validation\040and\040Limits\040of\040the\040Theory}{}% 31
\BOOKMARK [2][]{subsection.4.1}{4.1\040Commutative\040Limit:\040Recovery\040of\040GR\040and\040SM}{section.4}% 32
\BOOKMARK [2][]{subsection.4.2}{4.2\040Compatibility\040with\040Black\040Hole\040Thermodynamics}{section.4}% 33
\BOOKMARK [1][]{section.5}{5\040Connections\040to\040Fundamental\040Problems}{}% 34
\BOOKMARK [2][]{subsection.5.1}{5.1\040The\040Hierarchy\040Problem}{section.5}% 35
\BOOKMARK [2][]{subsection.5.2}{5.2\040The\040Cosmological\040Constant\040Problem\040}{section.5}% 36
\BOOKMARK [2][]{subsection.5.3}{5.3\040The\040Cosmological\040Tensions\040\(H0\040/\040S8\)}{section.5}% 37
\BOOKMARK [1][]{section.6}{6\040Quantum\040Mechanics\040of\040Spacetime\040Nuclei\040\(PsiN\)}{}% 38
\BOOKMARK [2][]{subsection.6.1}{6.1\040Primordial\040Quantum\040State\040and\040Decoherence}{section.6}% 39
\BOOKMARK [2][]{subsection.6.2}{6.2\040Proposed\040Resolution\040of\040the\040BH\040Information\040Paradox}{section.6}% 40
\BOOKMARK [1][]{section.7}{7\040Cosmological\040Origin\040and\040Emergence\040of\040Time\040in\040DUT}{}% 41
\BOOKMARK [2][]{subsection.7.1}{7.1\040Universe\040Formation\040and\040Cosmic\040Inflation}{section.7}% 42
\BOOKMARK [2][]{subsection.7.2}{7.2\040Initial\040State\040of\040the\040Discrete\040Nuclei}{section.7}% 43
\BOOKMARK [2][]{subsection.7.3}{7.3\040Emergence\040of\040Time}{section.7}% 44
\BOOKMARK [2][]{subsection.7.4}{7.4\040Limitations\040and\040Open\040Questions\040\(Cosmological\040Origin\)}{section.7}% 45
\BOOKMARK [1][]{section.8}{8\040Proposed\040Cosmological\040Solutions\040}{}% 46
\BOOKMARK [2][]{subsection.8.1}{8.1\040Dark\040Energy\040and\040CC\040Problem\040}{section.8}% 47
\BOOKMARK [3][]{subsubsection.8.1.1}{8.1.1\040Cancellation\040of\040QFT\040Vacuum\040\(Str=0\)}{subsection.8.1}% 48
\BOOKMARK [3][]{subsubsection.8.1.2}{8.1.2\040Observed\040Dark\040Energy:\040Residue\040or\040New\040Physics?}{subsection.8.1}% 49
\BOOKMARK [2][]{subsection.8.2}{8.2\040Dark\040Matter\040Candidates\040in\040DUT\040\(with\040Heavy\040PsiN\)}{section.8}% 50
\BOOKMARK [3][]{subsubsection.8.2.1}{8.2.1\040Emergent\040Noncommutative\040Axions}{subsection.8.2}% 51
\BOOKMARK [3][]{subsubsection.8.2.2}{8.2.2\040Topological\040Dark\040Matter\040\(Defects\040of\040Heavy\040PsiN\)}{subsection.8.2}% 52
\BOOKMARK [2][]{subsection.8.3}{8.3\040Early\040Formation\040of\040Supermassive\040Black\040Holes\040\(SMBHs\)}{section.8}% 53
\BOOKMARK [1][]{section.9}{9\040Proposal\040of\040Novel\040Predictions\040and\040Experimental\040Verification}{}% 54
\BOOKMARK [2][]{subsection.9.1}{9.1\040Dynamic\040Lorentz\040Invariance\040Violation\040\(LIV\)}{section.9}% 55
\BOOKMARK [2][]{subsection.9.2}{9.2\040Specific\040Signatures\040in\040the\040Matter\040Power\040Spectrum}{section.9}% 56
\BOOKMARK [2][]{subsection.9.3}{9.3\040Dark\040Matter\040Density\040Profiles\040\(If\040DM\040=\040PsiN\040Defects\)}{section.9}% 57
\BOOKMARK [2][]{subsection.9.4}{9.4\040High-Frequency\040Gravitational\040Wave\040Background\040\(GWB\)}{section.9}% 58
\BOOKMARK [2][]{subsection.9.5}{9.5\040Summary\040and\040Validation\040Strategy}{section.9}% 59
\BOOKMARK [1][]{section.10}{10\040Preliminary\040Discussion\040and\040Comparison\040with\040Other\040Theories}{}% 60
\BOOKMARK [1][]{section.11}{11\040Gravitational\040Collapse\040with\040Standard\040Model\040Fields\040in\040DUT\040}{}% 61
\BOOKMARK [2][]{subsection.11.1}{11.1\040Theoretical\040Framework:\040Coupling\040and\040Emergent\040NC\040Dynamics}{section.11}% 62
\BOOKMARK [3][]{subsubsection.11.1.1}{11.1.1\040Standard\040Model\040Fields\040in\040Emergent\040Dynamic\040NCG}{subsection.11.1}% 63
\BOOKMARK [3][]{subsubsection.11.1.2}{11.1.2\040Dynamic\040and\040Structural\040Modifications\040in\040Collapse}{subsection.11.1}% 64
\BOOKMARK [3][]{subsubsection.11.1.3}{11.1.3\040Stability\040and\040Causality}{subsection.11.1}% 65
\BOOKMARK [2][]{subsection.11.2}{11.2\040Numerical\040Methodology\040for\040Emergent\040Dynamic\040NC\040Simulations}{section.11}% 66
\BOOKMARK [3][]{subsubsection.11.2.1}{11.2.1\040Discretization\040and\040Integration\040Scheme}{subsection.11.2}% 67
\BOOKMARK [3][]{subsubsection.11.2.2}{11.2.2\040Initial\040and\040Boundary\040Conditions}{subsection.11.2}% 68
\BOOKMARK [3][]{subsubsection.11.2.3}{11.2.3\040Code\040Validation}{subsection.11.2}% 69
\BOOKMARK [2][]{subsection.11.3}{11.3\040Expected\040Results\040and\040Case\040Study\040\(Massive\040PsiN\)}{section.11}% 70
\BOOKMARK [2][]{subsection.11.4}{11.4\040Potential\040Observational\040Consequences\040of\040Dynamic\040NC\040Collapse}{section.11}% 71
\BOOKMARK [3][]{subsubsection.11.4.1}{11.4.1\040Modified\040Hawking\040Radiation}{subsection.11.4}% 72
\BOOKMARK [3][]{subsubsection.11.4.2}{11.4.2\040Gravitational\040Waves\040and\040Quasi-Normal\040Modes}{subsection.11.4}% 73
\BOOKMARK [2][]{subsection.11.5}{11.5\040Partial\040Conclusions\040and\040Next\040Steps\040\(Collapse\040'Solution\0400'\)}{section.11}% 74
\BOOKMARK [1][]{section.12}{12\040Critical\040Mathematical\040and\040Quantitative\040Challenges}{}% 75
\BOOKMARK [2][]{subsection.12.1}{12.1\040Mathematical\040Consistency\040of\040Dynamic\040NCG}{section.12}% 76
\BOOKMARK [3][]{subsubsection.12.1.1}{12.1.1\040Jacobi\040Identity\040for\040Derived\040Dynamic\040Theta\(PsiN\)}{subsection.12.1}% 77
\BOOKMARK [3][]{subsubsection.12.1.2}{12.1.2\040Emergence\040of\040Lorentzian\040Signature}{subsection.12.1}% 78
\BOOKMARK [2][]{subsection.12.2}{12.2\040Explicit\040Derivation\040from\040the\040Complete\040SAP\040}{section.12}% 79
\BOOKMARK [3][]{subsubsection.12.2.1}{12.2.1\040Effective\040Action\040and\040Fundamental\040Parameters\040}{subsection.12.2}% 80
\BOOKMARK [3][]{subsubsection.12.2.2}{12.2.2\040Cosmological\040Constant\040Cancellation\040via\040Supertrace}{subsection.12.2}% 81
\BOOKMARK [2][]{subsection.12.3}{12.3\040Hamiltonian\040Stability\040Analysis\040}{section.12}% 82
\BOOKMARK [2][]{subsection.12.4}{12.4\040Quantum\040Behavior\040and\040Renormalizability}{section.12}% 83
\BOOKMARK [2][]{subsection.12.5}{12.5\040Lack\040of\040Quantitative\040Calculations\040and\040Prioritized\040Roadmap\040}{section.12}% 84
\BOOKMARK [1][]{section.13}{13\040Conclusion}{}% 85
\BOOKMARK [1][]{appendix.A}{A\040Mathematical\040Appendix}{}% 86
\BOOKMARK [2][]{subsection.A.1}{A.1\040Technical\040Lemma\040and\040Theorem}{appendix.A}% 87
\BOOKMARK [2][]{subsection.A.2}{A.2\040Points\040for\040Further\040Investigation}{appendix.A}% 88
\BOOKMARK [1][]{appendix.B}{B\040Goal:\040Derivation\040of\040SAP\040from\040First\040Principles}{}% 89
\BOOKMARK [2][]{subsection.B.1}{B.1\040Construction\040of\040\040DDUT\040\040from\040the\040Fundamental\040Structure}{appendix.B}% 90
\BOOKMARK [3][]{subsubsection.B.1.1}{B.1.1\040Fundamental\040Components\040\(Non\040*Ad\040Hoc*\)}{subsection.B.1}% 91
\BOOKMARK [2][]{subsection.B.2}{B.2\040Calculation\040of\040the\040Effective\040Action\040without\040Arbitrary\040Assumptions}{appendix.B}% 92
\BOOKMARK [3][]{subsubsection.B.2.1}{B.2.1\040Heat\040Kernel\040Coefficients\040\(a2k\)}{subsection.B.2}% 93
\BOOKMARK [2][]{subsection.B.3}{B.3\040Consistency\040of\040Dynamic\040NCG\040from\040SAP}{appendix.B}% 94
\BOOKMARK [2][]{subsection.B.4}{B.4\040Sought\040Emergence\040of\040Observed\040Physics}{appendix.B}% 95
\BOOKMARK [2][]{subsection.B.5}{B.5\040Sought\040Consistency\040Checks\040\(Without\040*Ad\040Hoc*\040Elements\)}{appendix.B}% 96
\BOOKMARK [2][]{subsection.B.6}{B.6\040Conclusion\040of\040the\040Goal}{appendix.B}% 97
\BOOKMARK [1][]{appendix.C}{C\040References}{}% 98
